<?xml version="1.0" encoding="UTF-8"?>
<testng-results skipped="0" failed="0" total="1" passed="1">
  <reporter-output>
  </reporter-output>
  <suite name="Default suite" duration-ms="38257" started-at="2014-03-04T05:26:25Z" finished-at="2014-03-04T05:27:03Z">
    <groups>
    </groups>
    <test name="Default test" duration-ms="38257" started-at="2014-03-04T05:26:25Z" finished-at="2014-03-04T05:27:03Z">
      <class name="finalProject.T01">
        <test-method status="PASS" signature="beforeSuite()[pri:0, instance:finalProject.T01@1428ffa]" name="beforeSuite" is-config="true" duration-ms="202" started-at="2014-03-04T10:56:25Z" finished-at="2014-03-04T10:56:25Z">
          <reporter-output>
          </reporter-output>
        </test-method> <!-- beforeSuite -->
        <test-method status="PASS" signature="beforeMethod()[pri:0, instance:finalProject.T01@1428ffa]" name="beforeMethod" is-config="true" duration-ms="8634" started-at="2014-03-04T10:56:25Z" finished-at="2014-03-04T10:56:34Z">
          <reporter-output>
          </reporter-output>
        </test-method> <!-- beforeMethod -->
        <test-method status="PASS" signature="f()[pri:0, instance:finalProject.T01@1428ffa]" name="f" duration-ms="29597" started-at="2014-03-04T10:56:34Z" finished-at="2014-03-04T10:57:03Z">
          <reporter-output>
          </reporter-output>
        </test-method> <!-- f -->
        <test-method status="PASS" signature="afterMethod()[pri:0, instance:finalProject.T01@1428ffa]" name="afterMethod" is-config="true" duration-ms="14" started-at="2014-03-04T10:57:03Z" finished-at="2014-03-04T10:57:03Z">
          <reporter-output>
          </reporter-output>
        </test-method> <!-- afterMethod -->
        <test-method status="FAIL" signature="afterSuite()[pri:0, instance:finalProject.T01@1428ffa]" name="afterSuite" is-config="true" duration-ms="0" started-at="2014-03-04T10:57:03Z" finished-at="2014-03-04T10:57:03Z">
          <exception class="java.lang.NullPointerException">
            <full-stacktrace>
              <![CDATA[java.lang.NullPointerException
	at jxl.write.biff.File.write(File.java:149)
	at jxl.write.biff.WritableWorkbookImpl.write(WritableWorkbookImpl.java:706)
	at finalProject.ExcelReporter.createResultFile(ExcelReporter.java:69)
	at finalProject.T01.afterSuite(T01.java:70)
	at sun.reflect.NativeMethodAccessorImpl.invoke0(Native Method)
	at sun.reflect.NativeMethodAccessorImpl.invoke(Unknown Source)
	at sun.reflect.DelegatingMethodAccessorImpl.invoke(Unknown Source)
	at java.lang.reflect.Method.invoke(Unknown Source)
	at org.testng.internal.MethodInvocationHelper.invokeMethod(MethodInvocationHelper.java:84)
	at org.testng.internal.Invoker.invokeConfigurationMethod(Invoker.java:564)
	at org.testng.internal.Invoker.invokeConfigurations(Invoker.java:213)
	at org.testng.internal.Invoker.invokeConfigurations(Invoker.java:138)
	at org.testng.SuiteRunner.privateRun(SuiteRunner.java:308)
	at org.testng.SuiteRunner.run(SuiteRunner.java:240)
	at org.testng.SuiteRunnerWorker.runSuite(SuiteRunnerWorker.java:52)
	at org.testng.SuiteRunnerWorker.run(SuiteRunnerWorker.java:86)
	at org.testng.TestNG.runSuitesSequentially(TestNG.java:1224)
	at org.testng.TestNG.runSuitesLocally(TestNG.java:1149)
	at org.testng.TestNG.run(TestNG.java:1057)
	at org.testng.remote.RemoteTestNG.run(RemoteTestNG.java:111)
	at org.testng.remote.RemoteTestNG.initAndRun(RemoteTestNG.java:204)
	at org.testng.remote.RemoteTestNG.main(RemoteTestNG.java:175)
]]>
            </full-stacktrace>
          </exception> <!-- java.lang.NullPointerException -->
          <reporter-output>
          </reporter-output>
        </test-method> <!-- afterSuite -->
      </class> <!-- finalProject.T01 -->
    </test> <!-- Default test -->
  </suite> <!-- Default suite -->
</testng-results>
